2026-01-13T06:29:42.558+07:00  INFO 1520 --- [ott-backend] [restartedMain] i.fit.ottbackend.OttBackendApplication   : Starting OttBackendApplication using Java 21.0.4 with PID 1520 (D:\DaiHoc\CongNgheMoi\project\ott-backend\target\classes started by nguye in D:\DaiHoc\CongNgheMoi\project\ott-backend)
2026-01-13T06:29:42.558+07:00  INFO 1520 --- [ott-backend] [restartedMain] i.fit.ottbackend.OttBackendApplication   : No active profile set, falling back to 1 default profile: "default"
2026-01-13T06:29:42.611+07:00  INFO 1520 --- [ott-backend] [restartedMain] .e.DevToolsPropertyDefaultsPostProcessor : Devtools property defaults active! Set 'spring.devtools.add-properties' to 'false' to disable
2026-01-13T06:29:42.611+07:00  INFO 1520 --- [ott-backend] [restartedMain] .e.DevToolsPropertyDefaultsPostProcessor : For additional web related logging consider setting the 'logging.level.web' property to 'DEBUG'
2026-01-13T06:29:44.509+07:00  WARN 1520 --- [ott-backend] [restartedMain] ConfigServletWebServerApplicationContext : Exception encountered during context initialization - cancelling refresh attempt: org.springframework.beans.factory.support.BeanDefinitionOverrideException: Invalid bean definition with name 'google-identity.FeignClientSpecification' defined in null: Cannot register bean definition [Generic bean: class=org.springframework.cloud.openfeign.FeignClientSpecification; scope=; abstract=false; lazyInit=null; autowireMode=0; dependencyCheck=0; autowireCandidate=true; primary=false; fallback=false; factoryBeanName=null; factoryMethodName=null; initMethodNames=null; destroyMethodNames=null] for bean 'google-identity.FeignClientSpecification' since there is already [Generic bean: class=org.springframework.cloud.openfeign.FeignClientSpecification; scope=; abstract=false; lazyInit=null; autowireMode=0; dependencyCheck=0; autowireCandidate=true; primary=false; fallback=false; factoryBeanName=null; factoryMethodName=null; initMethodNames=null; destroyMethodNames=null] bound.
2026-01-13T06:29:44.517+07:00  INFO 1520 --- [ott-backend] [restartedMain] .s.b.a.l.ConditionEvaluationReportLogger : 

Error starting ApplicationContext. To display the condition evaluation report re-run your application with 'debug' enabled.
2026-01-13T06:29:44.525+07:00 ERROR 1520 --- [ott-backend] [restartedMain] o.s.b.d.LoggingFailureAnalysisReporter   : 

***************************
APPLICATION FAILED TO START
***************************

Description:

The bean 'google-identity.FeignClientSpecification' could not be registered. A bean with that name has already been defined and overriding is disabled.

Action:

Consider renaming one of the beans or enabling overriding by setting spring.main.allow-bean-definition-overriding=true

2026-01-13T06:31:57.469+07:00  INFO 7448 --- [ott-backend] [restartedMain] i.fit.ottbackend.OttBackendApplication   : Starting OttBackendApplication using Java 21.0.4 with PID 7448 (D:\DaiHoc\CongNgheMoi\project\ott-backend\target\classes started by nguye in D:\DaiHoc\CongNgheMoi\project\ott-backend)
2026-01-13T06:31:57.469+07:00  INFO 7448 --- [ott-backend] [restartedMain] i.fit.ottbackend.OttBackendApplication   : No active profile set, falling back to 1 default profile: "default"
2026-01-13T06:31:57.517+07:00  INFO 7448 --- [ott-backend] [restartedMain] .e.DevToolsPropertyDefaultsPostProcessor : Devtools property defaults active! Set 'spring.devtools.add-properties' to 'false' to disable
2026-01-13T06:31:57.517+07:00  INFO 7448 --- [ott-backend] [restartedMain] .e.DevToolsPropertyDefaultsPostProcessor : For additional web related logging consider setting the 'logging.level.web' property to 'DEBUG'
2026-01-13T06:31:58.242+07:00  WARN 7448 --- [ott-backend] [restartedMain] ConfigServletWebServerApplicationContext : Exception encountered during context initialization - cancelling refresh attempt: org.springframework.beans.factory.support.BeanDefinitionOverrideException: Invalid bean definition with name 'google-oauth-client.FeignClientSpecification' defined in null: Cannot register bean definition [Generic bean: class=org.springframework.cloud.openfeign.FeignClientSpecification; scope=; abstract=false; lazyInit=null; autowireMode=0; dependencyCheck=0; autowireCandidate=true; primary=false; fallback=false; factoryBeanName=null; factoryMethodName=null; initMethodNames=null; destroyMethodNames=null] for bean 'google-oauth-client.FeignClientSpecification' since there is already [Generic bean: class=org.springframework.cloud.openfeign.FeignClientSpecification; scope=; abstract=false; lazyInit=null; autowireMode=0; dependencyCheck=0; autowireCandidate=true; primary=false; fallback=false; factoryBeanName=null; factoryMethodName=null; initMethodNames=null; destroyMethodNames=null] bound.
2026-01-13T06:31:58.249+07:00  INFO 7448 --- [ott-backend] [restartedMain] .s.b.a.l.ConditionEvaluationReportLogger : 

Error starting ApplicationContext. To display the condition evaluation report re-run your application with 'debug' enabled.
2026-01-13T06:31:58.262+07:00 ERROR 7448 --- [ott-backend] [restartedMain] o.s.b.d.LoggingFailureAnalysisReporter   : 

***************************
APPLICATION FAILED TO START
***************************

Description:

The bean 'google-oauth-client.FeignClientSpecification' could not be registered. A bean with that name has already been defined and overriding is disabled.

Action:

Consider renaming one of the beans or enabling overriding by setting spring.main.allow-bean-definition-overriding=true

2026-01-13T06:35:55.976+07:00  INFO 10276 --- [ott-backend] [restartedMain] i.fit.ottbackend.OttBackendApplication   : Starting OttBackendApplication using Java 21.0.4 with PID 10276 (D:\DaiHoc\CongNgheMoi\project\ott-backend\target\classes started by nguye in D:\DaiHoc\CongNgheMoi\project\ott-backend)
2026-01-13T06:35:55.978+07:00  INFO 10276 --- [ott-backend] [restartedMain] i.fit.ottbackend.OttBackendApplication   : No active profile set, falling back to 1 default profile: "default"
2026-01-13T06:35:56.014+07:00  INFO 10276 --- [ott-backend] [restartedMain] .e.DevToolsPropertyDefaultsPostProcessor : Devtools property defaults active! Set 'spring.devtools.add-properties' to 'false' to disable
2026-01-13T06:35:56.014+07:00  INFO 10276 --- [ott-backend] [restartedMain] .e.DevToolsPropertyDefaultsPostProcessor : For additional web related logging consider setting the 'logging.level.web' property to 'DEBUG'
2026-01-13T06:35:56.710+07:00  INFO 10276 --- [ott-backend] [restartedMain] o.s.b.f.s.DefaultListableBeanFactory     : Overriding bean definition for bean 'googleIdentityClient.FeignClientSpecification' with an equivalent definition: replacing [Generic bean: class=org.springframework.cloud.openfeign.FeignClientSpecification; scope=; abstract=false; lazyInit=null; autowireMode=0; dependencyCheck=0; autowireCandidate=true; primary=false; fallback=false; factoryBeanName=null; factoryMethodName=null; initMethodNames=null; destroyMethodNames=null] with [Generic bean: class=org.springframework.cloud.openfeign.FeignClientSpecification; scope=; abstract=false; lazyInit=null; autowireMode=0; dependencyCheck=0; autowireCandidate=true; primary=false; fallback=false; factoryBeanName=null; factoryMethodName=null; initMethodNames=null; destroyMethodNames=null]
2026-01-13T06:35:56.710+07:00  INFO 10276 --- [ott-backend] [restartedMain] o.s.b.f.s.DefaultListableBeanFactory     : Overriding bean definition for bean 'iuh.fit.ottbackend.repository.httpclient.GoogleIdentityClient' with an equivalent definition: replacing [Generic bean: class=org.springframework.cloud.openfeign.FeignClientFactoryBean; scope=; abstract=false; lazyInit=null; autowireMode=2; dependencyCheck=0; autowireCandidate=true; primary=true; fallback=false; factoryBeanName=null; factoryMethodName=null; initMethodNames=null; destroyMethodNames=null] with [Generic bean: class=org.springframework.cloud.openfeign.FeignClientFactoryBean; scope=; abstract=false; lazyInit=null; autowireMode=2; dependencyCheck=0; autowireCandidate=true; primary=true; fallback=false; factoryBeanName=null; factoryMethodName=null; initMethodNames=null; destroyMethodNames=null]
2026-01-13T06:35:56.711+07:00  INFO 10276 --- [ott-backend] [restartedMain] o.s.b.f.s.DefaultListableBeanFactory     : Overriding bean definition for bean 'googleUserClient.FeignClientSpecification' with an equivalent definition: replacing [Generic bean: class=org.springframework.cloud.openfeign.FeignClientSpecification; scope=; abstract=false; lazyInit=null; autowireMode=0; dependencyCheck=0; autowireCandidate=true; primary=false; fallback=false; factoryBeanName=null; factoryMethodName=null; initMethodNames=null; destroyMethodNames=null] with [Generic bean: class=org.springframework.cloud.openfeign.FeignClientSpecification; scope=; abstract=false; lazyInit=null; autowireMode=0; dependencyCheck=0; autowireCandidate=true; primary=false; fallback=false; factoryBeanName=null; factoryMethodName=null; initMethodNames=null; destroyMethodNames=null]
2026-01-13T06:35:56.711+07:00  INFO 10276 --- [ott-backend] [restartedMain] o.s.b.f.s.DefaultListableBeanFactory     : Overriding bean definition for bean 'iuh.fit.ottbackend.repository.httpclient.GoogleUserClient' with an equivalent definition: replacing [Generic bean: class=org.springframework.cloud.openfeign.FeignClientFactoryBean; scope=; abstract=false; lazyInit=null; autowireMode=2; dependencyCheck=0; autowireCandidate=true; primary=true; fallback=false; factoryBeanName=null; factoryMethodName=null; initMethodNames=null; destroyMethodNames=null] with [Generic bean: class=org.springframework.cloud.openfeign.FeignClientFactoryBean; scope=; abstract=false; lazyInit=null; autowireMode=2; dependencyCheck=0; autowireCandidate=true; primary=true; fallback=false; factoryBeanName=null; factoryMethodName=null; initMethodNames=null; destroyMethodNames=null]
2026-01-13T06:35:57.221+07:00  INFO 10276 --- [ott-backend] [restartedMain] .s.d.r.c.RepositoryConfigurationDelegate : Bootstrapping Spring Data JPA repositories in DEFAULT mode.
2026-01-13T06:35:57.275+07:00  INFO 10276 --- [ott-backend] [restartedMain] .s.d.r.c.RepositoryConfigurationDelegate : Finished Spring Data repository scanning in 45 ms. Found 6 JPA repository interfaces.
2026-01-13T06:35:57.479+07:00  INFO 10276 --- [ott-backend] [restartedMain] o.s.cloud.context.scope.GenericScope     : BeanFactory id=db2fdbcd-941c-3ef7-83ce-8e02fd025337
2026-01-13T06:35:57.951+07:00  INFO 10276 --- [ott-backend] [restartedMain] o.s.b.w.embedded.tomcat.TomcatWebServer  : Tomcat initialized with port 8080 (http)
2026-01-13T06:35:57.963+07:00  INFO 10276 --- [ott-backend] [restartedMain] o.apache.catalina.core.StandardService   : Starting service [Tomcat]
2026-01-13T06:35:57.964+07:00  INFO 10276 --- [ott-backend] [restartedMain] o.apache.catalina.core.StandardEngine    : Starting Servlet engine: [Apache Tomcat/10.1.43]
2026-01-13T06:35:58.034+07:00  INFO 10276 --- [ott-backend] [restartedMain] o.a.c.c.C.[.[localhost].[/riff/api]      : Initializing Spring embedded WebApplicationContext
2026-01-13T06:35:58.035+07:00  INFO 10276 --- [ott-backend] [restartedMain] w.s.c.ServletWebServerApplicationContext : Root WebApplicationContext: initialization completed in 2020 ms
2026-01-13T06:35:58.336+07:00  INFO 10276 --- [ott-backend] [restartedMain] com.zaxxer.hikari.HikariDataSource       : HikariPool-1 - Starting...
2026-01-13T06:36:01.877+07:00  INFO 10276 --- [ott-backend] [restartedMain] com.zaxxer.hikari.pool.HikariPool        : HikariPool-1 - Added connection org.postgresql.jdbc.PgConnection@92c222
2026-01-13T06:36:01.878+07:00  INFO 10276 --- [ott-backend] [restartedMain] com.zaxxer.hikari.HikariDataSource       : HikariPool-1 - Start completed.
2026-01-13T06:36:02.030+07:00  INFO 10276 --- [ott-backend] [restartedMain] org.flywaydb.core.FlywayExecutor         : Database: jdbc:postgresql://ep-hidden-mouse-a7rql89i-pooler.ap-southeast-2.aws.neon.tech:5432/neondb?sslmode=require&channel_binding=require (PostgreSQL 17.7)
2026-01-13T06:36:03.913+07:00  INFO 10276 --- [ott-backend] [restartedMain] o.f.core.internal.command.DbValidate     : Successfully validated 1 migration (execution time 00:00.548s)
2026-01-13T06:36:05.576+07:00  INFO 10276 --- [ott-backend] [restartedMain] o.f.core.internal.command.DbMigrate      : Current version of schema "public": 2
2026-01-13T06:36:05.578+07:00 ERROR 10276 --- [ott-backend] [restartedMain] o.f.core.internal.command.DbMigrate      : Schema "public" has version 2, but no migration could be resolved in the configured locations !
2026-01-13T06:36:05.709+07:00  INFO 10276 --- [ott-backend] [restartedMain] o.f.core.internal.command.DbMigrate      : Schema "public" is up to date. No migration necessary.
2026-01-13T06:36:06.579+07:00  INFO 10276 --- [ott-backend] [restartedMain] o.hibernate.jpa.internal.util.LogHelper  : HHH000204: Processing PersistenceUnitInfo [name: default]
2026-01-13T06:36:06.707+07:00  INFO 10276 --- [ott-backend] [restartedMain] org.hibernate.Version                    : HHH000412: Hibernate ORM core version 6.6.22.Final
2026-01-13T06:36:06.756+07:00  INFO 10276 --- [ott-backend] [restartedMain] o.h.c.internal.RegionFactoryInitiator    : HHH000026: Second-level cache disabled
2026-01-13T06:36:07.055+07:00  INFO 10276 --- [ott-backend] [restartedMain] o.s.o.j.p.SpringPersistenceUnitInfo      : No LoadTimeWeaver setup: ignoring JPA class transformer
2026-01-13T06:36:07.386+07:00  WARN 10276 --- [ott-backend] [restartedMain] org.hibernate.orm.deprecation            : HHH90000025: PostgreSQLDialect does not need to be specified explicitly using 'hibernate.dialect' (remove the property setting and it will be selected by default)
2026-01-13T06:36:07.657+07:00  INFO 10276 --- [ott-backend] [restartedMain] org.hibernate.orm.connections.pooling    : HHH10001005: Database info:
	Database JDBC URL [Connecting through datasource 'HikariDataSource (HikariPool-1)']
	Database driver: undefined/unknown
	Database version: 17.7
	Autocommit mode: undefined/unknown
	Isolation level: undefined/unknown
	Minimum pool size: undefined/unknown
	Maximum pool size: undefined/unknown
2026-01-13T06:36:08.734+07:00  INFO 10276 --- [ott-backend] [restartedMain] o.h.e.t.j.p.i.JtaPlatformInitiator       : HHH000489: No JTA platform available (set 'hibernate.transaction.jta.platform' to enable JTA platform integration)
2026-01-13T06:36:09.655+07:00 DEBUG 10276 --- [ott-backend] [restartedMain] org.hibernate.SQL                        : 
    alter table if exists device_tokens 
       add column device_id varchar(255) not null
2026-01-13T06:36:09.793+07:00 DEBUG 10276 --- [ott-backend] [restartedMain] org.hibernate.SQL                        : 
    alter table if exists device_tokens 
       add column device_name varchar(255)
2026-01-13T06:36:09.921+07:00 DEBUG 10276 --- [ott-backend] [restartedMain] org.hibernate.SQL                        : 
    alter table if exists device_tokens 
       add column updated_at timestamp(6) not null
2026-01-13T06:36:10.055+07:00 DEBUG 10276 --- [ott-backend] [restartedMain] org.hibernate.SQL                        : 
    create table invalidated_tokens (
        id varchar(255) not null,
        expiry_time timestamp(6) not null,
        invalidated_at timestamp(6) not null,
        reason TEXT,
        token_type varchar(20),
        user_id varchar(255),
        primary key (id)
    )
2026-01-13T06:36:10.234+07:00 DEBUG 10276 --- [ott-backend] [restartedMain] org.hibernate.SQL                        : 
    alter table if exists login_history 
       add column device_id varchar(255)
2026-01-13T06:36:10.364+07:00 DEBUG 10276 --- [ott-backend] [restartedMain] org.hibernate.SQL                        : 
    alter table if exists login_history 
       add column failure_reason TEXT
2026-01-13T06:36:10.494+07:00 DEBUG 10276 --- [ott-backend] [restartedMain] org.hibernate.SQL                        : 
    alter table if exists login_history 
       alter column ip_address set data type varchar(45)
2026-01-13T06:36:10.636+07:00 DEBUG 10276 --- [ott-backend] [restartedMain] org.hibernate.SQL                        : 
    alter table if exists login_history 
       add column login_method varchar(20) not null check (login_method in ('LOCAL','OTP','QR_CODE','GOOGLE'))
2026-01-13T06:36:10.771+07:00 DEBUG 10276 --- [ott-backend] [restartedMain] org.hibernate.SQL                        : 
    alter table if exists login_history 
       add column qr_code_id varchar(255)
2026-01-13T06:36:10.901+07:00 DEBUG 10276 --- [ott-backend] [restartedMain] org.hibernate.SQL                        : 
    alter table if exists otp_codes 
       add column attempts integer
2026-01-13T06:36:11.033+07:00 DEBUG 10276 --- [ott-backend] [restartedMain] org.hibernate.SQL                        : 
    alter table if exists otp_codes 
       add column ip_address varchar(45)
2026-01-13T06:36:11.163+07:00 DEBUG 10276 --- [ott-backend] [restartedMain] org.hibernate.SQL                        : 
    alter table if exists otp_codes 
       add column used_at timestamp(6)
2026-01-13T06:36:11.294+07:00 DEBUG 10276 --- [ott-backend] [restartedMain] org.hibernate.SQL                        : 
    alter table if exists qr_codes 
       add column confirmed_at timestamp(6)
2026-01-13T06:36:11.423+07:00 DEBUG 10276 --- [ott-backend] [restartedMain] org.hibernate.SQL                        : 
    alter table if exists qr_codes 
       add column device_id varchar(255)
2026-01-13T06:36:11.553+07:00 DEBUG 10276 --- [ott-backend] [restartedMain] org.hibernate.SQL                        : 
    alter table if exists qr_codes 
       add column device_info TEXT
2026-01-13T06:36:11.682+07:00 DEBUG 10276 --- [ott-backend] [restartedMain] org.hibernate.SQL                        : 
    alter table if exists qr_codes 
       add column device_type varchar(20) check (device_type in ('MOBILE','TABLET','TV','DESKTOP','UNKNOWN'))
2026-01-13T06:36:11.815+07:00 DEBUG 10276 --- [ott-backend] [restartedMain] org.hibernate.SQL                        : 
    alter table if exists qr_codes 
       add column failed_attempts integer
2026-01-13T06:36:11.944+07:00 DEBUG 10276 --- [ott-backend] [restartedMain] org.hibernate.SQL                        : 
    alter table if exists qr_codes 
       add column ip_address varchar(45)
2026-01-13T06:36:12.074+07:00 DEBUG 10276 --- [ott-backend] [restartedMain] org.hibernate.SQL                        : 
    alter table if exists qr_codes 
       add column location varchar(255)
2026-01-13T06:36:12.205+07:00 DEBUG 10276 --- [ott-backend] [restartedMain] org.hibernate.SQL                        : 
    alter table if exists qr_codes 
       add column scanned_at timestamp(6)
2026-01-13T06:36:12.342+07:00 DEBUG 10276 --- [ott-backend] [restartedMain] org.hibernate.SQL                        : 
    alter table if exists qr_codes 
       add column scanned_device_id varchar(255)
2026-01-13T06:36:12.496+07:00 DEBUG 10276 --- [ott-backend] [restartedMain] org.hibernate.SQL                        : 
    alter table if exists qr_codes 
       add column scanned_device_info TEXT
2026-01-13T06:36:12.627+07:00 DEBUG 10276 --- [ott-backend] [restartedMain] org.hibernate.SQL                        : 
    alter table if exists qr_codes 
       add column scanned_device_type varchar(20) check (scanned_device_type in ('MOBILE','TABLET','TV','DESKTOP','UNKNOWN'))
2026-01-13T06:36:12.757+07:00 DEBUG 10276 --- [ott-backend] [restartedMain] org.hibernate.SQL                        : 
    alter table if exists qr_codes 
       add column scanned_ip_address varchar(45)
2026-01-13T06:36:12.887+07:00 DEBUG 10276 --- [ott-backend] [restartedMain] org.hibernate.SQL                        : 
    alter table if exists qr_codes 
       add column status varchar(20) not null check (status in ('PENDING','SCANNED','CONFIRMED','EXPIRED','CANCELLED'))
2026-01-13T06:36:13.018+07:00 DEBUG 10276 --- [ott-backend] [restartedMain] org.hibernate.SQL                        : 
    alter table if exists qr_codes 
       add column updated_at timestamp(6) not null
2026-01-13T06:36:13.149+07:00 DEBUG 10276 --- [ott-backend] [restartedMain] org.hibernate.SQL                        : 
    create table qr_login_sessions (
        id varchar(255) not null,
        authorized_at timestamp(6),
        created_at timestamp(6) not null,
        rejected_at timestamp(6),
        rejection_reason TEXT,
        status varchar(20) not null check (status in ('WAITING','AUTHORIZED','REJECTED','EXPIRED')),
        updated_at timestamp(6) not null,
        qr_code_id varchar(255) not null,
        session_id varchar(255),
        user_id varchar(255),
        primary key (id)
    )
2026-01-13T06:36:13.284+07:00 DEBUG 10276 --- [ott-backend] [restartedMain] org.hibernate.SQL                        : 
    alter table if exists user_sessions 
       add column device_name varchar(255)
2026-01-13T06:36:13.414+07:00 DEBUG 10276 --- [ott-backend] [restartedMain] org.hibernate.SQL                        : 
    alter table if exists user_sessions 
       alter column ip_address set data type varchar(45)
2026-01-13T06:36:13.552+07:00 DEBUG 10276 --- [ott-backend] [restartedMain] org.hibernate.SQL                        : 
    alter table if exists user_sessions 
       add column is_active boolean
2026-01-13T06:36:13.681+07:00 DEBUG 10276 --- [ott-backend] [restartedMain] org.hibernate.SQL                        : 
    alter table if exists user_sessions 
       add column login_method varchar(20) check (login_method in ('LOCAL','OTP','QR_CODE','GOOGLE'))
2026-01-13T06:36:13.812+07:00 DEBUG 10276 --- [ott-backend] [restartedMain] org.hibernate.SQL                        : 
    alter table if exists user_sessions 
       add column refresh_expires_at timestamp(6)
2026-01-13T06:36:13.942+07:00 DEBUG 10276 --- [ott-backend] [restartedMain] org.hibernate.SQL                        : 
    alter table if exists user_sessions 
       add column revoked_at timestamp(6)
2026-01-13T06:36:14.071+07:00 DEBUG 10276 --- [ott-backend] [restartedMain] org.hibernate.SQL                        : 
    alter table if exists user_sessions 
       add column revoked_reason TEXT
2026-01-13T06:36:14.201+07:00 DEBUG 10276 --- [ott-backend] [restartedMain] org.hibernate.SQL                        : 
    alter table if exists users 
       add column account_type varchar(20) not null check (account_type in ('USER','OA','ADMIN'))
2026-01-13T06:36:14.333+07:00 DEBUG 10276 --- [ott-backend] [restartedMain] org.hibernate.SQL                        : 
    alter table if exists users 
       add column blocked_reason TEXT
2026-01-13T06:36:14.463+07:00 DEBUG 10276 --- [ott-backend] [restartedMain] org.hibernate.SQL                        : 
    alter table if exists users 
       add column blocked_until timestamp(6)
2026-01-13T06:36:14.592+07:00 DEBUG 10276 --- [ott-backend] [restartedMain] org.hibernate.SQL                        : 
    alter table if exists users 
       add column email_verified_at timestamp(6)
2026-01-13T06:36:14.721+07:00 DEBUG 10276 --- [ott-backend] [restartedMain] org.hibernate.SQL                        : 
    alter table if exists users 
       add column google_id varchar(100)
2026-01-13T06:36:14.851+07:00 DEBUG 10276 --- [ott-backend] [restartedMain] org.hibernate.SQL                        : 
    alter table if exists users 
       add column is_blocked boolean
2026-01-13T06:36:14.981+07:00 DEBUG 10276 --- [ott-backend] [restartedMain] org.hibernate.SQL                        : 
    alter table if exists users 
       add column is_email_verified boolean
2026-01-13T06:36:15.111+07:00 DEBUG 10276 --- [ott-backend] [restartedMain] org.hibernate.SQL                        : 
    alter table if exists users 
       add column is_phone_verified boolean
2026-01-13T06:36:15.241+07:00 DEBUG 10276 --- [ott-backend] [restartedMain] org.hibernate.SQL                        : 
    alter table if exists users 
       add column last_login_at timestamp(6)
2026-01-13T06:36:15.369+07:00 DEBUG 10276 --- [ott-backend] [restartedMain] org.hibernate.SQL                        : 
    alter table if exists users 
       add column phone_verified_at timestamp(6)
2026-01-13T06:36:15.654+07:00 DEBUG 10276 --- [ott-backend] [restartedMain] org.hibernate.SQL                        : 
    create index idx_device_user 
       on device_tokens (user_id)
2026-01-13T06:36:15.787+07:00 DEBUG 10276 --- [ott-backend] [restartedMain] org.hibernate.SQL                        : 
    create index idx_device_id 
       on device_tokens (device_id)
2026-01-13T06:36:15.918+07:00 DEBUG 10276 --- [ott-backend] [restartedMain] org.hibernate.SQL                        : 
    create index idx_device_active 
       on device_tokens (is_active)
2026-01-13T06:36:16.050+07:00 DEBUG 10276 --- [ott-backend] [restartedMain] org.hibernate.SQL                        : 
    alter table if exists device_tokens 
       drop constraint if exists uk_user_device_token
2026-01-13T06:36:16.180+07:00  WARN 10276 --- [ott-backend] [restartedMain] o.h.engine.jdbc.spi.SqlExceptionHelper   : SQL Warning Code: 0, SQLState: 00000
2026-01-13T06:36:16.181+07:00  WARN 10276 --- [ott-backend] [restartedMain] o.h.engine.jdbc.spi.SqlExceptionHelper   : constraint "uk_user_device_token" of relation "device_tokens" does not exist, skipping
2026-01-13T06:36:16.181+07:00 DEBUG 10276 --- [ott-backend] [restartedMain] org.hibernate.SQL                        : 
    alter table if exists device_tokens 
       add constraint uk_user_device_token unique (user_id, device_id, token)
2026-01-13T06:36:16.310+07:00 DEBUG 10276 --- [ott-backend] [restartedMain] org.hibernate.SQL                        : 
    create index idx_invalidated_expiry 
       on invalidated_tokens (expiry_time)
2026-01-13T06:36:16.443+07:00 DEBUG 10276 --- [ott-backend] [restartedMain] org.hibernate.SQL                        : 
    create index idx_invalidated_user 
       on invalidated_tokens (user_id)
2026-01-13T06:36:16.706+07:00 DEBUG 10276 --- [ott-backend] [restartedMain] org.hibernate.SQL                        : 
    create index idx_login_status 
       on login_history (status)
2026-01-13T06:36:16.836+07:00 DEBUG 10276 --- [ott-backend] [restartedMain] org.hibernate.SQL                        : 
    create index idx_login_method 
       on login_history (login_method)
2026-01-13T06:36:17.100+07:00 DEBUG 10276 --- [ott-backend] [restartedMain] org.hibernate.SQL                        : 
    create index idx_otp_type 
       on otp_codes (type, is_used)
2026-01-13T06:36:17.368+07:00 DEBUG 10276 --- [ott-backend] [restartedMain] org.hibernate.SQL                        : 
    create index idx_qr_status 
       on qr_codes (status, expires_at)
2026-01-13T06:36:17.499+07:00 DEBUG 10276 --- [ott-backend] [restartedMain] org.hibernate.SQL                        : 
    create index idx_qr_data 
       on qr_codes (qr_data)
2026-01-13T06:36:17.629+07:00 DEBUG 10276 --- [ott-backend] [restartedMain] org.hibernate.SQL                        : 
    create index idx_qr_login_user 
       on qr_login_sessions (user_id)
2026-01-13T06:36:17.759+07:00 DEBUG 10276 --- [ott-backend] [restartedMain] org.hibernate.SQL                        : 
    create index idx_qr_login_qr 
       on qr_login_sessions (qr_code_id)
2026-01-13T06:36:17.893+07:00 DEBUG 10276 --- [ott-backend] [restartedMain] org.hibernate.SQL                        : 
    create index idx_qr_login_status 
       on qr_login_sessions (status)
2026-01-13T06:36:18.024+07:00 DEBUG 10276 --- [ott-backend] [restartedMain] org.hibernate.SQL                        : 
    alter table if exists qr_login_sessions 
       drop constraint if exists UKtnm18hlf0xlfpxthxxxhgwh30
2026-01-13T06:36:18.153+07:00  WARN 10276 --- [ott-backend] [restartedMain] o.h.engine.jdbc.spi.SqlExceptionHelper   : SQL Warning Code: 0, SQLState: 00000
2026-01-13T06:36:18.153+07:00  WARN 10276 --- [ott-backend] [restartedMain] o.h.engine.jdbc.spi.SqlExceptionHelper   : constraint "uktnm18hlf0xlfpxthxxxhgwh30" of relation "qr_login_sessions" does not exist, skipping
2026-01-13T06:36:18.153+07:00 DEBUG 10276 --- [ott-backend] [restartedMain] org.hibernate.SQL                        : 
    alter table if exists qr_login_sessions 
       add constraint UKtnm18hlf0xlfpxthxxxhgwh30 unique (qr_code_id)
2026-01-13T06:36:18.284+07:00 DEBUG 10276 --- [ott-backend] [restartedMain] org.hibernate.SQL                        : 
    alter table if exists qr_login_sessions 
       drop constraint if exists UKbitr78ohp38tw5b16862emmng
2026-01-13T06:36:18.421+07:00  WARN 10276 --- [ott-backend] [restartedMain] o.h.engine.jdbc.spi.SqlExceptionHelper   : SQL Warning Code: 0, SQLState: 00000
2026-01-13T06:36:18.421+07:00  WARN 10276 --- [ott-backend] [restartedMain] o.h.engine.jdbc.spi.SqlExceptionHelper   : constraint "ukbitr78ohp38tw5b16862emmng" of relation "qr_login_sessions" does not exist, skipping
2026-01-13T06:36:18.421+07:00 DEBUG 10276 --- [ott-backend] [restartedMain] org.hibernate.SQL                        : 
    alter table if exists qr_login_sessions 
       add constraint UKbitr78ohp38tw5b16862emmng unique (session_id)
2026-01-13T06:36:18.686+07:00 DEBUG 10276 --- [ott-backend] [restartedMain] org.hibernate.SQL                        : 
    create index idx_sessions_refresh 
       on user_sessions (refresh_token)
2026-01-13T06:36:18.817+07:00 DEBUG 10276 --- [ott-backend] [restartedMain] org.hibernate.SQL                        : 
    create index idx_sessions_device 
       on user_sessions (device_id)
2026-01-13T06:36:18.946+07:00 DEBUG 10276 --- [ott-backend] [restartedMain] org.hibernate.SQL                        : 
    create index idx_sessions_expires 
       on user_sessions (expires_at)
2026-01-13T06:36:19.206+07:00 DEBUG 10276 --- [ott-backend] [restartedMain] org.hibernate.SQL                        : 
    create index idx_users_account_type 
       on users (account_type)
2026-01-13T06:36:19.336+07:00 DEBUG 10276 --- [ott-backend] [restartedMain] org.hibernate.SQL                        : 
    create index idx_users_is_active 
       on users (is_active)
2026-01-13T06:36:19.466+07:00 DEBUG 10276 --- [ott-backend] [restartedMain] org.hibernate.SQL                        : 
    alter table if exists users 
       drop constraint if exists uk_user_phone
2026-01-13T06:36:19.594+07:00  WARN 10276 --- [ott-backend] [restartedMain] o.h.engine.jdbc.spi.SqlExceptionHelper   : SQL Warning Code: 0, SQLState: 00000
2026-01-13T06:36:19.594+07:00  WARN 10276 --- [ott-backend] [restartedMain] o.h.engine.jdbc.spi.SqlExceptionHelper   : constraint "uk_user_phone" of relation "users" does not exist, skipping
2026-01-13T06:36:19.594+07:00 DEBUG 10276 --- [ott-backend] [restartedMain] org.hibernate.SQL                        : 
    alter table if exists users 
       add constraint uk_user_phone unique (phone)
2026-01-13T06:36:19.726+07:00 DEBUG 10276 --- [ott-backend] [restartedMain] org.hibernate.SQL                        : 
    alter table if exists users 
       drop constraint if exists uk_user_email
2026-01-13T06:36:19.853+07:00  WARN 10276 --- [ott-backend] [restartedMain] o.h.engine.jdbc.spi.SqlExceptionHelper   : SQL Warning Code: 0, SQLState: 00000
2026-01-13T06:36:19.853+07:00  WARN 10276 --- [ott-backend] [restartedMain] o.h.engine.jdbc.spi.SqlExceptionHelper   : constraint "uk_user_email" of relation "users" does not exist, skipping
2026-01-13T06:36:19.853+07:00 DEBUG 10276 --- [ott-backend] [restartedMain] org.hibernate.SQL                        : 
    alter table if exists users 
       add constraint uk_user_email unique (email)
2026-01-13T06:36:19.983+07:00 DEBUG 10276 --- [ott-backend] [restartedMain] org.hibernate.SQL                        : 
    alter table if exists users 
       drop constraint if exists UKovh8xmu9ac27t18m56gri58i1
2026-01-13T06:36:20.112+07:00  WARN 10276 --- [ott-backend] [restartedMain] o.h.engine.jdbc.spi.SqlExceptionHelper   : SQL Warning Code: 0, SQLState: 00000
2026-01-13T06:36:20.112+07:00  WARN 10276 --- [ott-backend] [restartedMain] o.h.engine.jdbc.spi.SqlExceptionHelper   : constraint "ukovh8xmu9ac27t18m56gri58i1" of relation "users" does not exist, skipping
2026-01-13T06:36:20.112+07:00 DEBUG 10276 --- [ott-backend] [restartedMain] org.hibernate.SQL                        : 
    alter table if exists users 
       add constraint UKovh8xmu9ac27t18m56gri58i1 unique (google_id)
2026-01-13T06:36:20.925+07:00 DEBUG 10276 --- [ott-backend] [restartedMain] org.hibernate.SQL                        : 
    alter table if exists invalidated_tokens 
       add constraint FKldq5i2hcq6ncecr5s22ka3kov 
       foreign key (user_id) 
       references users
2026-01-13T06:36:21.864+07:00 DEBUG 10276 --- [ott-backend] [restartedMain] org.hibernate.SQL                        : 
    alter table if exists qr_login_sessions 
       add constraint FKm0wxr1atvsc57wbwq887oc77k 
       foreign key (qr_code_id) 
       references qr_codes
2026-01-13T06:36:21.998+07:00 DEBUG 10276 --- [ott-backend] [restartedMain] org.hibernate.SQL                        : 
    alter table if exists qr_login_sessions 
       add constraint FKiav9hn3i9yd55ovdto0t4fplh 
       foreign key (session_id) 
       references user_sessions
2026-01-13T06:36:22.128+07:00 DEBUG 10276 --- [ott-backend] [restartedMain] org.hibernate.SQL                        : 
    alter table if exists qr_login_sessions 
       add constraint FKis0isa8y2vb8p5t0yqo6q8r4b 
       foreign key (user_id) 
       references users
2026-01-13T06:36:22.663+07:00  INFO 10276 --- [ott-backend] [restartedMain] j.LocalContainerEntityManagerFactoryBean : Initialized JPA EntityManagerFactory for persistence unit 'default'
2026-01-13T06:36:23.143+07:00  INFO 10276 --- [ott-backend] [restartedMain] o.s.d.j.r.query.QueryEnhancerFactory     : Hibernate is in classpath; If applicable, HQL parser will be used.
2026-01-13T06:36:23.963+07:00 DEBUG 10276 --- [ott-backend] [restartedMain] o.s.w.f.ServerHttpObservationFilter      : Filter 'webMvcObservationFilter' configured for use
2026-01-13T06:36:23.963+07:00 DEBUG 10276 --- [ott-backend] [restartedMain] o.springframework.web.filter.CorsFilter  : Filter 'corsFilter' configured for use
2026-01-13T06:36:24.254+07:00  INFO 10276 --- [ott-backend] [restartedMain] o.s.b.d.a.OptionalLiveReloadServer       : LiveReload server is running on port 35729
2026-01-13T06:36:24.420+07:00 DEBUG 10276 --- [ott-backend] [restartedMain] s.w.s.m.m.a.RequestMappingHandlerMapping : 17 mappings in 'requestMappingHandlerMapping'
2026-01-13T06:36:24.542+07:00 DEBUG 10276 --- [ott-backend] [restartedMain] o.s.w.s.handler.SimpleUrlHandlerMapping  : Patterns [/webjars/**, /**, /swagger-ui*/*swagger-initializer.js, /swagger-ui*/**] in 'resourceHandlerMapping'
2026-01-13T06:36:24.730+07:00  INFO 10276 --- [ott-backend] [restartedMain] org.quartz.impl.StdSchedulerFactory      : Using default implementation for ThreadExecutor
2026-01-13T06:36:24.752+07:00  INFO 10276 --- [ott-backend] [restartedMain] org.quartz.core.SchedulerSignalerImpl    : Initialized Scheduler Signaller of type: class org.quartz.core.SchedulerSignalerImpl
2026-01-13T06:36:24.752+07:00  INFO 10276 --- [ott-backend] [restartedMain] org.quartz.core.QuartzScheduler          : Quartz Scheduler v2.5.0 created.
2026-01-13T06:36:24.753+07:00  INFO 10276 --- [ott-backend] [restartedMain] org.quartz.simpl.RAMJobStore             : RAMJobStore initialized.
2026-01-13T06:36:24.754+07:00  INFO 10276 --- [ott-backend] [restartedMain] org.quartz.core.QuartzScheduler          : Scheduler meta-data: Quartz Scheduler (v2.5.0) 'quartzScheduler' with instanceId 'NON_CLUSTERED'
  Scheduler class: 'org.quartz.core.QuartzScheduler' - running locally.
  NOT STARTED.
  Currently in standby mode.
  Number of jobs executed: 0
  Using thread pool 'org.quartz.simpl.SimpleThreadPool' - with 10 threads.
  Using job-store 'org.quartz.simpl.RAMJobStore' - which does not support persistence. and is not clustered.

2026-01-13T06:36:24.754+07:00  INFO 10276 --- [ott-backend] [restartedMain] org.quartz.impl.StdSchedulerFactory      : Quartz scheduler 'quartzScheduler' initialized from an externally provided properties instance.
2026-01-13T06:36:24.754+07:00  INFO 10276 --- [ott-backend] [restartedMain] org.quartz.impl.StdSchedulerFactory      : Quartz scheduler version: 2.5.0
2026-01-13T06:36:24.754+07:00  INFO 10276 --- [ott-backend] [restartedMain] org.quartz.core.QuartzScheduler          : JobFactory set to: org.springframework.scheduling.quartz.SpringBeanJobFactory@435985d
2026-01-13T06:36:24.810+07:00  INFO 10276 --- [ott-backend] [restartedMain] o.s.b.a.e.web.EndpointLinksResolver      : Exposing 3 endpoints beneath base path '/actuator'
2026-01-13T06:36:24.851+07:00 DEBUG 10276 --- [ott-backend] [restartedMain] swordEncoderAuthenticationManagerBuilder : No authenticationProviders and no parentAuthenticationManager defined. Returning null.
2026-01-13T06:36:24.996+07:00 DEBUG 10276 --- [ott-backend] [restartedMain] o.s.s.web.DefaultSecurityFilterChain     : Will secure any request with filters: DisableEncodeUrlFilter, WebAsyncManagerIntegrationFilter, SecurityContextHolderFilter, HeaderWriterFilter, LogoutFilter, BearerTokenAuthenticationFilter, AuthenticationFilter, RequestCacheAwareFilter, SecurityContextHolderAwareRequestFilter, AnonymousAuthenticationFilter, ExceptionTranslationFilter, AuthorizationFilter
2026-01-13T06:36:25.093+07:00 DEBUG 10276 --- [ott-backend] [restartedMain] s.w.s.m.m.a.RequestMappingHandlerAdapter : ControllerAdvice beans: 0 @ModelAttribute, 0 @InitBinder, 1 RequestBodyAdvice, 1 ResponseBodyAdvice
2026-01-13T06:36:25.148+07:00  WARN 10276 --- [ott-backend] [restartedMain] ion$DefaultTemplateResolverConfiguration : Cannot find template location: classpath:/templates/ (please add some templates, check your Thymeleaf configuration, or set spring.thymeleaf.check-template-location=false)
2026-01-13T06:36:25.175+07:00 DEBUG 10276 --- [ott-backend] [restartedMain] .m.m.a.ExceptionHandlerExceptionResolver : ControllerAdvice beans: 2 @ExceptionHandler, 1 ResponseBodyAdvice
2026-01-13T06:36:25.557+07:00  INFO 10276 --- [ott-backend] [restartedMain] o.s.b.w.embedded.tomcat.TomcatWebServer  : Tomcat started on port 8080 (http) with context path '/riff/api'
2026-01-13T06:36:25.562+07:00  INFO 10276 --- [ott-backend] [restartedMain] o.s.s.quartz.SchedulerFactoryBean        : Starting Quartz Scheduler now
2026-01-13T06:36:25.562+07:00  INFO 10276 --- [ott-backend] [restartedMain] org.quartz.core.QuartzScheduler          : Scheduler quartzScheduler_$_NON_CLUSTERED started.
2026-01-13T06:36:25.580+07:00  INFO 10276 --- [ott-backend] [restartedMain] i.fit.ottbackend.OttBackendApplication   : Started OttBackendApplication in 30.034 seconds (process running for 30.714)
2026-01-13T06:36:25.885+07:00  INFO 10276 --- [ott-backend] [RMI TCP Connection(5)-192.168.1.19] o.a.c.c.C.[.[localhost].[/riff/api]      : Initializing Spring DispatcherServlet 'dispatcherServlet'
2026-01-13T06:36:25.885+07:00  INFO 10276 --- [ott-backend] [RMI TCP Connection(5)-192.168.1.19] o.s.web.servlet.DispatcherServlet        : Initializing Servlet 'dispatcherServlet'
2026-01-13T06:36:25.885+07:00 DEBUG 10276 --- [ott-backend] [RMI TCP Connection(5)-192.168.1.19] o.s.web.servlet.DispatcherServlet        : Detected StandardServletMultipartResolver
2026-01-13T06:36:25.885+07:00 DEBUG 10276 --- [ott-backend] [RMI TCP Connection(5)-192.168.1.19] o.s.web.servlet.DispatcherServlet        : Detected AcceptHeaderLocaleResolver
2026-01-13T06:36:25.885+07:00 DEBUG 10276 --- [ott-backend] [RMI TCP Connection(5)-192.168.1.19] o.s.web.servlet.DispatcherServlet        : Detected FixedThemeResolver
2026-01-13T06:36:25.886+07:00 DEBUG 10276 --- [ott-backend] [RMI TCP Connection(5)-192.168.1.19] o.s.web.servlet.DispatcherServlet        : Detected org.springframework.web.servlet.view.DefaultRequestToViewNameTranslator@50f153c9
2026-01-13T06:36:25.886+07:00 DEBUG 10276 --- [ott-backend] [RMI TCP Connection(5)-192.168.1.19] o.s.web.servlet.DispatcherServlet        : Detected org.springframework.web.servlet.support.SessionFlashMapManager@50435091
2026-01-13T06:36:25.887+07:00 DEBUG 10276 --- [ott-backend] [RMI TCP Connection(5)-192.168.1.19] o.s.web.servlet.DispatcherServlet        : enableLoggingRequestDetails='false': request parameters and headers will be masked to prevent unsafe logging of potentially sensitive data
2026-01-13T06:36:25.887+07:00  INFO 10276 --- [ott-backend] [RMI TCP Connection(5)-192.168.1.19] o.s.web.servlet.DispatcherServlet        : Completed initialization in 2 ms
2026-01-13T06:36:57.774+07:00  INFO 10276 --- [ott-backend] [SpringApplicationShutdownHook] org.quartz.core.QuartzScheduler          : Scheduler quartzScheduler_$_NON_CLUSTERED paused.
2026-01-13T06:36:57.774+07:00  INFO 10276 --- [ott-backend] [SpringApplicationShutdownHook] o.s.b.w.e.tomcat.GracefulShutdown        : Commencing graceful shutdown. Waiting for active requests to complete
2026-01-13T06:36:57.779+07:00  INFO 10276 --- [ott-backend] [tomcat-shutdown] o.s.b.w.e.tomcat.GracefulShutdown        : Graceful shutdown complete
2026-01-13T06:36:57.783+07:00  INFO 10276 --- [ott-backend] [SpringApplicationShutdownHook] o.s.s.quartz.SchedulerFactoryBean        : Shutting down Quartz Scheduler
2026-01-13T06:36:57.783+07:00  INFO 10276 --- [ott-backend] [SpringApplicationShutdownHook] org.quartz.core.QuartzScheduler          : Scheduler quartzScheduler_$_NON_CLUSTERED shutting down.
2026-01-13T06:36:57.783+07:00  INFO 10276 --- [ott-backend] [SpringApplicationShutdownHook] org.quartz.core.QuartzScheduler          : Scheduler quartzScheduler_$_NON_CLUSTERED paused.
2026-01-13T06:36:57.783+07:00  INFO 10276 --- [ott-backend] [SpringApplicationShutdownHook] org.quartz.core.QuartzScheduler          : Scheduler quartzScheduler_$_NON_CLUSTERED shutdown complete.
2026-01-13T06:36:57.786+07:00  INFO 10276 --- [ott-backend] [SpringApplicationShutdownHook] j.LocalContainerEntityManagerFactoryBean : Closing JPA EntityManagerFactory for persistence unit 'default'
2026-01-13T06:36:57.789+07:00  INFO 10276 --- [ott-backend] [SpringApplicationShutdownHook] com.zaxxer.hikari.HikariDataSource       : HikariPool-1 - Shutdown initiated...
2026-01-13T06:36:58.547+07:00  INFO 10276 --- [ott-backend] [SpringApplicationShutdownHook] com.zaxxer.hikari.HikariDataSource       : HikariPool-1 - Shutdown completed.
